<?xml version="1.0" encoding="UTF-8"?>
<testng-results skipped="0" failed="0" ignored="0" total="1" passed="1">
  <reporter-output>
  </reporter-output>
  <suite name="Test Suite" duration-ms="125710" started-at="2020-11-29T01:14:51Z" finished-at="2020-11-29T01:16:57Z">
    <groups>
    </groups>
    <test name="Test" duration-ms="125710" started-at="2020-11-29T01:14:51Z" finished-at="2020-11-29T01:16:57Z">
      <class name="TestCases.AddingAdTest">
        <test-method status="PASS" signature="AddingNewAdTest()[pri:0, instance:TestCases.AddingAdTest@618b19ad]" name="AddingNewAdTest" duration-ms="124104" started-at="2020-11-29T01:14:51Z" finished-at="2020-11-29T01:16:55Z">
          <reporter-output>
          </reporter-output>
        </test-method> <!-- AddingNewAdTest -->
      </class> <!-- TestCases.AddingAdTest -->
    </test> <!-- Test -->
  </suite> <!-- Test Suite -->
</testng-results>
